{"/Users/roy.kim/Documents/webapp/n8n-task-workflow/n8n-weather-wf/tests/helpers/n8n-client.js": {"path":"/Users/roy.kim/Documents/webapp/n8n-task-workflow/n8n-weather-wf/tests/helpers/n8n-client.js","statementMap":{"0":{"start":{"line":6,"column":14},"end":{"line":6,"column":30}},"1":{"start":{"line":10,"column":4},"end":{"line":10,"column":95}},"2":{"start":{"line":11,"column":4},"end":{"line":11,"column":59}},"3":{"start":{"line":12,"column":4},"end":{"line":12,"column":106}},"4":{"start":{"line":13,"column":4},"end":{"line":13,"column":87}},"5":{"start":{"line":15,"column":4},"end":{"line":22,"column":7}},"6":{"start":{"line":32,"column":4},"end":{"line":39,"column":5}},"7":{"start":{"line":33,"column":23},"end":{"line":35,"column":8}},"8":{"start":{"line":36,"column":6},"end":{"line":36,"column":27}},"9":{"start":{"line":38,"column":6},"end":{"line":38,"column":56}},"10":{"start":{"line":48,"column":4},"end":{"line":53,"column":5}},"11":{"start":{"line":49,"column":23},"end":{"line":49,"column":74}},"12":{"start":{"line":50,"column":6},"end":{"line":50,"column":27}},"13":{"start":{"line":52,"column":6},"end":{"line":52,"column":67}},"14":{"start":{"line":64,"column":22},"end":{"line":64,"column":32}},"15":{"start":{"line":66,"column":4},"end":{"line":78,"column":5}},"16":{"start":{"line":67,"column":24},"end":{"line":67,"column":74}},"17":{"start":{"line":69,"column":6},"end":{"line":71,"column":7}},"18":{"start":{"line":70,"column":8},"end":{"line":70,"column":25}},"19":{"start":{"line":73,"column":6},"end":{"line":75,"column":7}},"20":{"start":{"line":74,"column":8},"end":{"line":74,"column":73}},"21":{"start":{"line":77,"column":6},"end":{"line":77,"column":38}},"22":{"start":{"line":80,"column":4},"end":{"line":80,"column":81}},"23":{"start":{"line":89,"column":4},"end":{"line":94,"column":5}},"24":{"start":{"line":90,"column":23},"end":{"line":90,"column":72}},"25":{"start":{"line":91,"column":6},"end":{"line":91,"column":27}},"26":{"start":{"line":93,"column":6},"end":{"line":93,"column":59}},"27":{"start":{"line":104,"column":4},"end":{"line":118,"column":5}},"28":{"start":{"line":105,"column":21},"end":{"line":108,"column":7}},"29":{"start":{"line":110,"column":6},"end":{"line":112,"column":7}},"30":{"start":{"line":111,"column":8},"end":{"line":111,"column":39}},"31":{"start":{"line":114,"column":23},"end":{"line":114,"column":71}},"32":{"start":{"line":115,"column":6},"end":{"line":115,"column":27}},"33":{"start":{"line":117,"column":6},"end":{"line":117,"column":55}},"34":{"start":{"line":127,"column":4},"end":{"line":131,"column":5}},"35":{"start":{"line":128,"column":6},"end":{"line":128,"column":61}},"36":{"start":{"line":130,"column":6},"end":{"line":130,"column":56}},"37":{"start":{"line":142,"column":4},"end":{"line":160,"column":5}},"38":{"start":{"line":143,"column":18},"end":{"line":143,"column":53}},"39":{"start":{"line":144,"column":21},"end":{"line":148,"column":7}},"40":{"start":{"line":150,"column":6},"end":{"line":154,"column":7}},"41":{"start":{"line":151,"column":8},"end":{"line":151,"column":27}},"42":{"start":{"line":153,"column":8},"end":{"line":153,"column":29}},"43":{"start":{"line":156,"column":23},"end":{"line":156,"column":42}},"44":{"start":{"line":157,"column":6},"end":{"line":157,"column":27}},"45":{"start":{"line":159,"column":6},"end":{"line":159,"column":55}},"46":{"start":{"line":170,"column":19},"end":{"line":170,"column":21}},"47":{"start":{"line":173,"column":4},"end":{"line":179,"column":5}},"48":{"start":{"line":174,"column":6},"end":{"line":178,"column":9}},"49":{"start":{"line":175,"column":8},"end":{"line":177,"column":9}},"50":{"start":{"line":176,"column":10},"end":{"line":176,"column":58}},"51":{"start":{"line":182,"column":4},"end":{"line":195,"column":5}},"52":{"start":{"line":183,"column":6},"end":{"line":194,"column":9}},"53":{"start":{"line":184,"column":8},"end":{"line":193,"column":9}},"54":{"start":{"line":185,"column":31},"end":{"line":185,"column":60}},"55":{"start":{"line":186,"column":29},"end":{"line":186,"column":49}},"56":{"start":{"line":188,"column":10},"end":{"line":192,"column":11}},"57":{"start":{"line":189,"column":12},"end":{"line":189,"column":82}},"58":{"start":{"line":190,"column":17},"end":{"line":192,"column":11}},"59":{"start":{"line":191,"column":12},"end":{"line":191,"column":89}},"60":{"start":{"line":197,"column":4},"end":{"line":200,"column":6}},"61":{"start":{"line":210,"column":4},"end":{"line":212,"column":5}},"62":{"start":{"line":211,"column":6},"end":{"line":211,"column":16}},"63":{"start":{"line":214,"column":21},"end":{"line":214,"column":64}},"64":{"start":{"line":215,"column":4},"end":{"line":217,"column":5}},"65":{"start":{"line":216,"column":6},"end":{"line":216,"column":16}},"66":{"start":{"line":219,"column":4},"end":{"line":219,"column":42}},"67":{"start":{"line":228,"column":21},"end":{"line":228,"column":62}},"68":{"start":{"line":229,"column":4},"end":{"line":229,"column":36}},"69":{"start":{"line":238,"column":4},"end":{"line":242,"column":5}},"70":{"start":{"line":239,"column":6},"end":{"line":239,"column":76}},"71":{"start":{"line":241,"column":6},"end":{"line":241,"column":57}},"72":{"start":{"line":251,"column":4},"end":{"line":255,"column":5}},"73":{"start":{"line":252,"column":6},"end":{"line":252,"column":77}},"74":{"start":{"line":254,"column":6},"end":{"line":254,"column":59}},"75":{"start":{"line":265,"column":23},"end":{"line":267,"column":6}},"76":{"start":{"line":269,"column":23},"end":{"line":269,"column":33}},"77":{"start":{"line":270,"column":4},"end":{"line":270,"column":52}},"78":{"start":{"line":272,"column":29},"end":{"line":274,"column":5}},"79":{"start":{"line":273,"column":6},"end":{"line":273,"column":43}},"80":{"start":{"line":276,"column":20},"end":{"line":282,"column":5}},"81":{"start":{"line":284,"column":4},"end":{"line":292,"column":7}},"82":{"start":{"line":285,"column":6},"end":{"line":291,"column":7}},"83":{"start":{"line":286,"column":8},"end":{"line":286,"column":29}},"84":{"start":{"line":287,"column":25},"end":{"line":287,"column":77}},"85":{"start":{"line":288,"column":8},"end":{"line":288,"column":42}},"86":{"start":{"line":290,"column":8},"end":{"line":290,"column":25}},"87":{"start":{"line":294,"column":4},"end":{"line":296,"column":5}},"88":{"start":{"line":295,"column":6},"end":{"line":295,"column":83}},"89":{"start":{"line":298,"column":4},"end":{"line":298,"column":19}},"90":{"start":{"line":308,"column":23},"end":{"line":308,"column":60}},"91":{"start":{"line":309,"column":21},"end":{"line":309,"column":52}},"92":{"start":{"line":311,"column":18},"end":{"line":311,"column":19}},"93":{"start":{"line":312,"column":4},"end":{"line":319,"column":5}},"94":{"start":{"line":313,"column":6},"end":{"line":318,"column":7}},"95":{"start":{"line":314,"column":8},"end":{"line":314,"column":49}},"96":{"start":{"line":315,"column":8},"end":{"line":315,"column":18}},"97":{"start":{"line":317,"column":8},"end":{"line":317,"column":83}},"98":{"start":{"line":321,"column":4},"end":{"line":321,"column":19}},"99":{"start":{"line":329,"column":4},"end":{"line":329,"column":59}},"100":{"start":{"line":329,"column":34},"end":{"line":329,"column":57}},"101":{"start":{"line":337,"column":20},"end":{"line":337,"column":66}},"102":{"start":{"line":338,"column":19},"end":{"line":338,"column":41}},"103":{"start":{"line":340,"column":16},"end":{"line":340,"column":67}},"104":{"start":{"line":341,"column":4},"end":{"line":341,"column":24}},"105":{"start":{"line":342,"column":4},"end":{"line":342,"column":30}},"106":{"start":{"line":344,"column":4},"end":{"line":344,"column":15}},"107":{"start":{"line":348,"column":0},"end":{"line":348,"column":27}}},"fnMap":{"0":{"name":"(anonymous_0)","decl":{"start":{"line":9,"column":2},"end":{"line":9,"column":3}},"loc":{"start":{"line":9,"column":27},"end":{"line":23,"column":3}},"line":9},"1":{"name":"(anonymous_1)","decl":{"start":{"line":31,"column":2},"end":{"line":31,"column":3}},"loc":{"start":{"line":31,"column":52},"end":{"line":40,"column":3}},"line":31},"2":{"name":"(anonymous_2)","decl":{"start":{"line":47,"column":2},"end":{"line":47,"column":3}},"loc":{"start":{"line":47,"column":48},"end":{"line":54,"column":3}},"line":47},"3":{"name":"(anonymous_3)","decl":{"start":{"line":63,"column":2},"end":{"line":63,"column":3}},"loc":{"start":{"line":63,"column":80},"end":{"line":81,"column":3}},"line":63},"4":{"name":"(anonymous_4)","decl":{"start":{"line":88,"column":2},"end":{"line":88,"column":3}},"loc":{"start":{"line":88,"column":39},"end":{"line":95,"column":3}},"line":88},"5":{"name":"(anonymous_5)","decl":{"start":{"line":103,"column":2},"end":{"line":103,"column":3}},"loc":{"start":{"line":103,"column":56},"end":{"line":119,"column":3}},"line":103},"6":{"name":"(anonymous_6)","decl":{"start":{"line":126,"column":2},"end":{"line":126,"column":3}},"loc":{"start":{"line":126,"column":37},"end":{"line":132,"column":3}},"line":126},"7":{"name":"(anonymous_7)","decl":{"start":{"line":141,"column":2},"end":{"line":141,"column":3}},"loc":{"start":{"line":141,"column":64},"end":{"line":161,"column":3}},"line":141},"8":{"name":"(anonymous_8)","decl":{"start":{"line":169,"column":2},"end":{"line":169,"column":3}},"loc":{"start":{"line":169,"column":41},"end":{"line":201,"column":3}},"line":169},"9":{"name":"(anonymous_9)","decl":{"start":{"line":174,"column":30},"end":{"line":174,"column":31}},"loc":{"start":{"line":174,"column":39},"end":{"line":178,"column":7}},"line":174},"10":{"name":"(anonymous_10)","decl":{"start":{"line":183,"column":45},"end":{"line":183,"column":46}},"loc":{"start":{"line":183,"column":54},"end":{"line":194,"column":7}},"line":183},"11":{"name":"(anonymous_11)","decl":{"start":{"line":209,"column":2},"end":{"line":209,"column":3}},"loc":{"start":{"line":209,"column":37},"end":{"line":220,"column":3}},"line":209},"12":{"name":"(anonymous_12)","decl":{"start":{"line":227,"column":2},"end":{"line":227,"column":3}},"loc":{"start":{"line":227,"column":37},"end":{"line":230,"column":3}},"line":227},"13":{"name":"(anonymous_13)","decl":{"start":{"line":237,"column":2},"end":{"line":237,"column":3}},"loc":{"start":{"line":237,"column":37},"end":{"line":243,"column":3}},"line":237},"14":{"name":"(anonymous_14)","decl":{"start":{"line":250,"column":2},"end":{"line":250,"column":3}},"loc":{"start":{"line":250,"column":39},"end":{"line":256,"column":3}},"line":250},"15":{"name":"(anonymous_15)","decl":{"start":{"line":264,"column":2},"end":{"line":264,"column":3}},"loc":{"start":{"line":264,"column":50},"end":{"line":299,"column":3}},"line":264},"16":{"name":"(anonymous_16)","decl":{"start":{"line":272,"column":52},"end":{"line":272,"column":53}},"loc":{"start":{"line":273,"column":6},"end":{"line":273,"column":43}},"line":273},"17":{"name":"(anonymous_17)","decl":{"start":{"line":284,"column":29},"end":{"line":284,"column":30}},"loc":{"start":{"line":284,"column":37},"end":{"line":292,"column":5}},"line":284},"18":{"name":"(anonymous_18)","decl":{"start":{"line":307,"column":2},"end":{"line":307,"column":3}},"loc":{"start":{"line":307,"column":52},"end":{"line":322,"column":3}},"line":307},"19":{"name":"(anonymous_19)","decl":{"start":{"line":328,"column":2},"end":{"line":328,"column":3}},"loc":{"start":{"line":328,"column":13},"end":{"line":330,"column":3}},"line":328},"20":{"name":"(anonymous_20)","decl":{"start":{"line":329,"column":23},"end":{"line":329,"column":24}},"loc":{"start":{"line":329,"column":34},"end":{"line":329,"column":57}},"line":329},"21":{"name":"(anonymous_21)","decl":{"start":{"line":336,"column":2},"end":{"line":336,"column":3}},"loc":{"start":{"line":336,"column":30},"end":{"line":345,"column":3}},"line":336}},"branchMap":{"0":{"loc":{"start":{"line":9,"column":14},"end":{"line":9,"column":25}},"type":"default-arg","locations":[{"start":{"line":9,"column":23},"end":{"line":9,"column":25}}],"line":9},"1":{"loc":{"start":{"line":10,"column":19},"end":{"line":10,"column":94}},"type":"binary-expr","locations":[{"start":{"line":10,"column":19},"end":{"line":10,"column":33}},{"start":{"line":10,"column":37},"end":{"line":10,"column":60}},{"start":{"line":10,"column":64},"end":{"line":10,"column":94}}],"line":10},"2":{"loc":{"start":{"line":11,"column":18},"end":{"line":11,"column":58}},"type":"binary-expr","locations":[{"start":{"line":11,"column":18},"end":{"line":11,"column":31}},{"start":{"line":11,"column":35},"end":{"line":11,"column":58}}],"line":11},"3":{"loc":{"start":{"line":12,"column":22},"end":{"line":12,"column":105}},"type":"binary-expr","locations":[{"start":{"line":12,"column":22},"end":{"line":12,"column":39}},{"start":{"line":12,"column":43},"end":{"line":12,"column":70}},{"start":{"line":12,"column":74},"end":{"line":12,"column":105}}],"line":12},"4":{"loc":{"start":{"line":13,"column":19},"end":{"line":13,"column":86}},"type":"binary-expr","locations":[{"start":{"line":13,"column":19},"end":{"line":13,"column":33}},{"start":{"line":13,"column":37},"end":{"line":13,"column":86}}],"line":13},"5":{"loc":{"start":{"line":13,"column":46},"end":{"line":13,"column":81}},"type":"binary-expr","locations":[{"start":{"line":13,"column":46},"end":{"line":13,"column":70}},{"start":{"line":13,"column":74},"end":{"line":13,"column":81}}],"line":13},"6":{"loc":{"start":{"line":31,"column":36},"end":{"line":31,"column":50}},"type":"default-arg","locations":[{"start":{"line":31,"column":48},"end":{"line":31,"column":50}}],"line":31},"7":{"loc":{"start":{"line":63,"column":38},"end":{"line":63,"column":57}},"type":"default-arg","locations":[{"start":{"line":63,"column":52},"end":{"line":63,"column":57}}],"line":63},"8":{"loc":{"start":{"line":63,"column":59},"end":{"line":63,"column":78}},"type":"default-arg","locations":[{"start":{"line":63,"column":74},"end":{"line":63,"column":78}}],"line":63},"9":{"loc":{"start":{"line":69,"column":6},"end":{"line":71,"column":7}},"type":"if","locations":[{"start":{"line":69,"column":6},"end":{"line":71,"column":7}},{"start":{},"end":{}}],"line":69},"10":{"loc":{"start":{"line":73,"column":6},"end":{"line":75,"column":7}},"type":"if","locations":[{"start":{"line":73,"column":6},"end":{"line":75,"column":7}},{"start":{},"end":{}}],"line":73},"11":{"loc":{"start":{"line":103,"column":23},"end":{"line":103,"column":40}},"type":"default-arg","locations":[{"start":{"line":103,"column":36},"end":{"line":103,"column":40}}],"line":103},"12":{"loc":{"start":{"line":103,"column":42},"end":{"line":103,"column":54}},"type":"default-arg","locations":[{"start":{"line":103,"column":52},"end":{"line":103,"column":54}}],"line":103},"13":{"loc":{"start":{"line":106,"column":15},"end":{"line":106,"column":35}},"type":"binary-expr","locations":[{"start":{"line":106,"column":15},"end":{"line":106,"column":28}},{"start":{"line":106,"column":32},"end":{"line":106,"column":35}}],"line":106},"14":{"loc":{"start":{"line":110,"column":6},"end":{"line":112,"column":7}},"type":"if","locations":[{"start":{"line":110,"column":6},"end":{"line":112,"column":7}},{"start":{},"end":{}}],"line":110},"15":{"loc":{"start":{"line":141,"column":36},"end":{"line":141,"column":45}},"type":"default-arg","locations":[{"start":{"line":141,"column":43},"end":{"line":141,"column":45}}],"line":141},"16":{"loc":{"start":{"line":141,"column":47},"end":{"line":141,"column":62}},"type":"default-arg","locations":[{"start":{"line":141,"column":56},"end":{"line":141,"column":62}}],"line":141},"17":{"loc":{"start":{"line":150,"column":6},"end":{"line":154,"column":7}},"type":"if","locations":[{"start":{"line":150,"column":6},"end":{"line":154,"column":7}},{"start":{"line":152,"column":13},"end":{"line":154,"column":7}}],"line":150},"18":{"loc":{"start":{"line":173,"column":4},"end":{"line":179,"column":5}},"type":"if","locations":[{"start":{"line":173,"column":4},"end":{"line":179,"column":5}},{"start":{},"end":{}}],"line":173},"19":{"loc":{"start":{"line":175,"column":8},"end":{"line":177,"column":9}},"type":"if","locations":[{"start":{"line":175,"column":8},"end":{"line":177,"column":9}},{"start":{},"end":{}}],"line":175},"20":{"loc":{"start":{"line":182,"column":4},"end":{"line":195,"column":5}},"type":"if","locations":[{"start":{"line":182,"column":4},"end":{"line":195,"column":5}},{"start":{},"end":{}}],"line":182},"21":{"loc":{"start":{"line":184,"column":8},"end":{"line":193,"column":9}},"type":"if","locations":[{"start":{"line":184,"column":8},"end":{"line":193,"column":9}},{"start":{},"end":{}}],"line":184},"22":{"loc":{"start":{"line":188,"column":10},"end":{"line":192,"column":11}},"type":"if","locations":[{"start":{"line":188,"column":10},"end":{"line":192,"column":11}},{"start":{"line":190,"column":17},"end":{"line":192,"column":11}}],"line":188},"23":{"loc":{"start":{"line":188,"column":14},"end":{"line":188,"column":71}},"type":"binary-expr","locations":[{"start":{"line":188,"column":14},"end":{"line":188,"column":38}},{"start":{"line":188,"column":42},"end":{"line":188,"column":71}}],"line":188},"24":{"loc":{"start":{"line":190,"column":17},"end":{"line":192,"column":11}},"type":"if","locations":[{"start":{"line":190,"column":17},"end":{"line":192,"column":11}},{"start":{},"end":{}}],"line":190},"25":{"loc":{"start":{"line":190,"column":21},"end":{"line":190,"column":76}},"type":"binary-expr","locations":[{"start":{"line":190,"column":21},"end":{"line":190,"column":45}},{"start":{"line":190,"column":49},"end":{"line":190,"column":76}}],"line":190},"26":{"loc":{"start":{"line":210,"column":4},"end":{"line":212,"column":5}},"type":"if","locations":[{"start":{"line":210,"column":4},"end":{"line":212,"column":5}},{"start":{},"end":{}}],"line":210},"27":{"loc":{"start":{"line":210,"column":8},"end":{"line":210,"column":91}},"type":"binary-expr","locations":[{"start":{"line":210,"column":8},"end":{"line":210,"column":23}},{"start":{"line":210,"column":27},"end":{"line":210,"column":53}},{"start":{"line":210,"column":57},"end":{"line":210,"column":91}}],"line":210},"28":{"loc":{"start":{"line":215,"column":4},"end":{"line":217,"column":5}},"type":"if","locations":[{"start":{"line":215,"column":4},"end":{"line":217,"column":5}},{"start":{},"end":{}}],"line":215},"29":{"loc":{"start":{"line":215,"column":8},"end":{"line":215,"column":42}},"type":"binary-expr","locations":[{"start":{"line":215,"column":8},"end":{"line":215,"column":17}},{"start":{"line":215,"column":21},"end":{"line":215,"column":42}}],"line":215},"30":{"loc":{"start":{"line":219,"column":11},"end":{"line":219,"column":41}},"type":"binary-expr","locations":[{"start":{"line":219,"column":11},"end":{"line":219,"column":35}},{"start":{"line":219,"column":39},"end":{"line":219,"column":41}}],"line":219},"31":{"loc":{"start":{"line":264,"column":40},"end":{"line":264,"column":48}},"type":"default-arg","locations":[{"start":{"line":264,"column":47},"end":{"line":264,"column":48}}],"line":264},"32":{"loc":{"start":{"line":285,"column":6},"end":{"line":291,"column":7}},"type":"if","locations":[{"start":{"line":285,"column":6},"end":{"line":291,"column":7}},{"start":{"line":289,"column":13},"end":{"line":291,"column":7}}],"line":285},"33":{"loc":{"start":{"line":285,"column":10},"end":{"line":285,"column":42}},"type":"binary-expr","locations":[{"start":{"line":285,"column":10},"end":{"line":285,"column":23}},{"start":{"line":285,"column":27},"end":{"line":285,"column":42}}],"line":285},"34":{"loc":{"start":{"line":294,"column":4},"end":{"line":296,"column":5}},"type":"if","locations":[{"start":{"line":294,"column":4},"end":{"line":296,"column":5}},{"start":{},"end":{}}],"line":294},"35":{"loc":{"start":{"line":307,"column":38},"end":{"line":307,"column":50}},"type":"default-arg","locations":[{"start":{"line":307,"column":49},"end":{"line":307,"column":50}}],"line":307},"36":{"loc":{"start":{"line":337,"column":20},"end":{"line":337,"column":66}},"type":"binary-expr","locations":[{"start":{"line":337,"column":20},"end":{"line":337,"column":49}},{"start":{"line":337,"column":53},"end":{"line":337,"column":66}}],"line":337}},"s":{"0":1,"1":1,"2":1,"3":1,"4":1,"5":1,"6":0,"7":0,"8":0,"9":0,"10":0,"11":0,"12":0,"13":0,"14":0,"15":0,"16":0,"17":0,"18":0,"19":0,"20":0,"21":0,"22":0,"23":3,"24":3,"25":3,"26":0,"27":0,"28":0,"29":0,"30":0,"31":0,"32":0,"33":0,"34":0,"35":0,"36":0,"37":0,"38":0,"39":0,"40":0,"41":0,"42":0,"43":0,"44":0,"45":0,"46":0,"47":0,"48":0,"49":0,"50":0,"51":0,"52":0,"53":0,"54":0,"55":0,"56":0,"57":0,"58":0,"59":0,"60":0,"61":0,"62":0,"63":0,"64":0,"65":0,"66":0,"67":1,"68":1,"69":0,"70":0,"71":0,"72":0,"73":0,"74":0,"75":0,"76":0,"77":0,"78":0,"79":0,"80":0,"81":0,"82":0,"83":0,"84":0,"85":0,"86":0,"87":0,"88":0,"89":0,"90":0,"91":0,"92":0,"93":0,"94":0,"95":0,"96":0,"97":0,"98":0,"99":0,"100":0,"101":0,"102":0,"103":0,"104":0,"105":0,"106":0,"107":1},"f":{"0":1,"1":0,"2":0,"3":0,"4":3,"5":0,"6":0,"7":0,"8":0,"9":0,"10":0,"11":0,"12":1,"13":0,"14":0,"15":0,"16":0,"17":0,"18":0,"19":0,"20":0,"21":0},"b":{"0":[1],"1":[1,1,0],"2":[1,1],"3":[1,1,0],"4":[1,1],"5":[1,0],"6":[0],"7":[0],"8":[0],"9":[0,0],"10":[0,0],"11":[0],"12":[0],"13":[0,0],"14":[0,0],"15":[0],"16":[0],"17":[0,0],"18":[0,0],"19":[0,0],"20":[0,0],"21":[0,0],"22":[0,0],"23":[0,0],"24":[0,0],"25":[0,0],"26":[0,0],"27":[0,0,0],"28":[0,0],"29":[0,0],"30":[0,0],"31":[0],"32":[0,0],"33":[0,0],"34":[0,0],"35":[0],"36":[0,0]},"_coverageSchema":"1a1c01bbd47fc00a2c39e90264f33305004495a9","hash":"97436b509a0eae3120323c5c48e34e09f8ca3124"}
,"/Users/roy.kim/Documents/webapp/n8n-task-workflow/n8n-weather-wf/tests/helpers/test-utils.js": {"path":"/Users/roy.kim/Documents/webapp/n8n-task-workflow/n8n-weather-wf/tests/helpers/test-utils.js","statementMap":{"0":{"start":{"line":10,"column":17},"end":{"line":10,"column":19}},"1":{"start":{"line":13,"column":25},"end":{"line":13,"column":121}},"2":{"start":{"line":14,"column":2},"end":{"line":18,"column":5}},"3":{"start":{"line":15,"column":4},"end":{"line":17,"column":5}},"4":{"start":{"line":16,"column":6},"end":{"line":16,"column":54}},"5":{"start":{"line":21,"column":2},"end":{"line":23,"column":3}},"6":{"start":{"line":22,"column":4},"end":{"line":22,"column":50}},"7":{"start":{"line":25,"column":2},"end":{"line":27,"column":3}},"8":{"start":{"line":26,"column":4},"end":{"line":26,"column":50}},"9":{"start":{"line":29,"column":2},"end":{"line":31,"column":3}},"10":{"start":{"line":30,"column":4},"end":{"line":30,"column":47}},"11":{"start":{"line":34,"column":2},"end":{"line":38,"column":3}},"12":{"start":{"line":35,"column":4},"end":{"line":37,"column":5}},"13":{"start":{"line":36,"column":6},"end":{"line":36,"column":66}},"14":{"start":{"line":40,"column":2},"end":{"line":43,"column":4}},"15":{"start":{"line":50,"column":17},"end":{"line":50,"column":19}},"16":{"start":{"line":52,"column":25},"end":{"line":52,"column":106}},"17":{"start":{"line":53,"column":2},"end":{"line":57,"column":5}},"18":{"start":{"line":54,"column":4},"end":{"line":56,"column":5}},"19":{"start":{"line":55,"column":6},"end":{"line":55,"column":54}},"20":{"start":{"line":59,"column":2},"end":{"line":61,"column":3}},"21":{"start":{"line":60,"column":4},"end":{"line":60,"column":48}},"22":{"start":{"line":63,"column":2},"end":{"line":65,"column":3}},"23":{"start":{"line":64,"column":4},"end":{"line":64,"column":52}},"24":{"start":{"line":67,"column":2},"end":{"line":69,"column":3}},"25":{"start":{"line":68,"column":4},"end":{"line":68,"column":71}},"26":{"start":{"line":71,"column":2},"end":{"line":74,"column":4}},"27":{"start":{"line":81,"column":17},"end":{"line":81,"column":19}},"28":{"start":{"line":83,"column":2},"end":{"line":86,"column":3}},"29":{"start":{"line":84,"column":4},"end":{"line":84,"column":46}},"30":{"start":{"line":85,"column":4},"end":{"line":85,"column":36}},"31":{"start":{"line":88,"column":2},"end":{"line":90,"column":3}},"32":{"start":{"line":89,"column":4},"end":{"line":89,"column":59}},"33":{"start":{"line":93,"column":2},"end":{"line":98,"column":3}},"34":{"start":{"line":94,"column":24},"end":{"line":94,"column":36}},"35":{"start":{"line":95,"column":4},"end":{"line":97,"column":5}},"36":{"start":{"line":96,"column":6},"end":{"line":96,"column":78}},"37":{"start":{"line":100,"column":2},"end":{"line":103,"column":4}},"38":{"start":{"line":110,"column":20},"end":{"line":110,"column":33}},"39":{"start":{"line":111,"column":18},"end":{"line":111,"column":46}},"40":{"start":{"line":112,"column":2},"end":{"line":112,"column":54}},"41":{"start":{"line":112,"column":36},"end":{"line":112,"column":47}},"42":{"start":{"line":119,"column":23},"end":{"line":119,"column":86}},"43":{"start":{"line":120,"column":2},"end":{"line":120,"column":55}},"44":{"start":{"line":120,"column":35},"end":{"line":120,"column":53}},"45":{"start":{"line":127,"column":2},"end":{"line":127,"column":62}},"46":{"start":{"line":134,"column":17},"end":{"line":134,"column":19}},"47":{"start":{"line":136,"column":19},"end":{"line":136,"column":34}},"48":{"start":{"line":137,"column":20},"end":{"line":137,"column":35}},"49":{"start":{"line":139,"column":2},"end":{"line":143,"column":3}},"50":{"start":{"line":140,"column":4},"end":{"line":140,"column":43}},"51":{"start":{"line":141,"column":9},"end":{"line":143,"column":3}},"52":{"start":{"line":142,"column":4},"end":{"line":142,"column":55}},"53":{"start":{"line":145,"column":2},"end":{"line":149,"column":3}},"54":{"start":{"line":146,"column":4},"end":{"line":146,"column":44}},"55":{"start":{"line":147,"column":9},"end":{"line":149,"column":3}},"56":{"start":{"line":148,"column":4},"end":{"line":148,"column":58}},"57":{"start":{"line":151,"column":2},"end":{"line":156,"column":4}},"58":{"start":{"line":163,"column":2},"end":{"line":168,"column":4}},"59":{"start":{"line":175,"column":2},"end":{"line":182,"column":4}},"60":{"start":{"line":189,"column":20},"end":{"line":189,"column":30}},"61":{"start":{"line":191,"column":2},"end":{"line":196,"column":3}},"62":{"start":{"line":192,"column":4},"end":{"line":194,"column":5}},"63":{"start":{"line":193,"column":6},"end":{"line":193,"column":18}},"64":{"start":{"line":195,"column":4},"end":{"line":195,"column":26}},"65":{"start":{"line":198,"column":2},"end":{"line":198,"column":70}},"66":{"start":{"line":205,"column":2},"end":{"line":205,"column":57}},"67":{"start":{"line":205,"column":32},"end":{"line":205,"column":55}},"68":{"start":{"line":212,"column":2},"end":{"line":212,"column":41}},"69":{"start":{"line":221,"column":2},"end":{"line":232,"column":3}},"70":{"start":{"line":221,"column":15},"end":{"line":221,"column":16}},"71":{"start":{"line":222,"column":4},"end":{"line":231,"column":5}},"72":{"start":{"line":223,"column":6},"end":{"line":223,"column":24}},"73":{"start":{"line":225,"column":6},"end":{"line":225,"column":24}},"74":{"start":{"line":226,"column":6},"end":{"line":230,"column":7}},"75":{"start":{"line":227,"column":22},"end":{"line":227,"column":51}},"76":{"start":{"line":228,"column":8},"end":{"line":228,"column":72}},"77":{"start":{"line":229,"column":8},"end":{"line":229,"column":27}},"78":{"start":{"line":234,"column":2},"end":{"line":234,"column":18}},"79":{"start":{"line":241,"column":2},"end":{"line":287,"column":4}},"80":{"start":{"line":294,"column":2},"end":{"line":294,"column":34}},"81":{"start":{"line":295,"column":2},"end":{"line":295,"column":40}},"82":{"start":{"line":296,"column":2},"end":{"line":296,"column":58}},"83":{"start":{"line":303,"column":2},"end":{"line":305,"column":3}},"84":{"start":{"line":304,"column":4},"end":{"line":304,"column":16}},"85":{"start":{"line":306,"column":2},"end":{"line":306,"column":72}},"86":{"start":{"line":313,"column":2},"end":{"line":320,"column":4}},"87":{"start":{"line":323,"column":0},"end":{"line":341,"column":2}}},"fnMap":{"0":{"name":"validateWeatherData","decl":{"start":{"line":9,"column":9},"end":{"line":9,"column":28}},"loc":{"start":{"line":9,"column":42},"end":{"line":44,"column":1}},"line":9},"1":{"name":"(anonymous_1)","decl":{"start":{"line":14,"column":25},"end":{"line":14,"column":26}},"loc":{"start":{"line":14,"column":34},"end":{"line":18,"column":3}},"line":14},"2":{"name":"validateCombinedReport","decl":{"start":{"line":49,"column":9},"end":{"line":49,"column":31}},"loc":{"start":{"line":49,"column":40},"end":{"line":75,"column":1}},"line":49},"3":{"name":"(anonymous_3)","decl":{"start":{"line":53,"column":25},"end":{"line":53,"column":26}},"loc":{"start":{"line":53,"column":34},"end":{"line":57,"column":3}},"line":53},"4":{"name":"validateSubjectFormat","decl":{"start":{"line":80,"column":9},"end":{"line":80,"column":30}},"loc":{"start":{"line":80,"column":55},"end":{"line":104,"column":1}},"line":80},"5":{"name":"extractTemperatures","decl":{"start":{"line":109,"column":9},"end":{"line":109,"column":28}},"loc":{"start":{"line":109,"column":42},"end":{"line":113,"column":1}},"line":109},"6":{"name":"(anonymous_6)","decl":{"start":{"line":112,"column":31},"end":{"line":112,"column":32}},"loc":{"start":{"line":112,"column":36},"end":{"line":112,"column":47}},"line":112},"7":{"name":"isValidHTML","decl":{"start":{"line":118,"column":9},"end":{"line":118,"column":20}},"loc":{"start":{"line":118,"column":27},"end":{"line":121,"column":1}},"line":118},"8":{"name":"(anonymous_8)","decl":{"start":{"line":120,"column":28},"end":{"line":120,"column":29}},"loc":{"start":{"line":120,"column":35},"end":{"line":120,"column":53}},"line":120},"9":{"name":"countOccurrences","decl":{"start":{"line":126,"column":9},"end":{"line":126,"column":25}},"loc":{"start":{"line":126,"column":42},"end":{"line":128,"column":1}},"line":126},"10":{"name":"validateCoordinates","decl":{"start":{"line":133,"column":9},"end":{"line":133,"column":28}},"loc":{"start":{"line":133,"column":39},"end":{"line":157,"column":1}},"line":133},"11":{"name":"generateTestLocation","decl":{"start":{"line":162,"column":9},"end":{"line":162,"column":29}},"loc":{"start":{"line":162,"column":46},"end":{"line":169,"column":1}},"line":162},"12":{"name":"generateTestInput","decl":{"start":{"line":174,"column":9},"end":{"line":174,"column":26}},"loc":{"start":{"line":174,"column":43},"end":{"line":183,"column":1}},"line":174},"13":{"name":"waitForCondition","decl":{"start":{"line":188,"column":15},"end":{"line":188,"column":31}},"loc":{"start":{"line":188,"column":77},"end":{"line":199,"column":1}},"line":188},"14":{"name":"sleep","decl":{"start":{"line":204,"column":9},"end":{"line":204,"column":14}},"loc":{"start":{"line":204,"column":19},"end":{"line":206,"column":1}},"line":204},"15":{"name":"(anonymous_15)","decl":{"start":{"line":205,"column":21},"end":{"line":205,"column":22}},"loc":{"start":{"line":205,"column":32},"end":{"line":205,"column":55}},"line":205},"16":{"name":"deepClone","decl":{"start":{"line":211,"column":9},"end":{"line":211,"column":18}},"loc":{"start":{"line":211,"column":24},"end":{"line":213,"column":1}},"line":211},"17":{"name":"retryWithBackoff","decl":{"start":{"line":218,"column":15},"end":{"line":218,"column":31}},"loc":{"start":{"line":218,"column":73},"end":{"line":235,"column":1}},"line":218},"18":{"name":"createMockWeatherResponse","decl":{"start":{"line":240,"column":9},"end":{"line":240,"column":34}},"loc":{"start":{"line":240,"column":51},"end":{"line":288,"column":1}},"line":240},"19":{"name":"assertExecutionSuccessful","decl":{"start":{"line":293,"column":9},"end":{"line":293,"column":34}},"loc":{"start":{"line":293,"column":46},"end":{"line":297,"column":1}},"line":293},"20":{"name":"getExecutionDuration","decl":{"start":{"line":302,"column":9},"end":{"line":302,"column":29}},"loc":{"start":{"line":302,"column":41},"end":{"line":307,"column":1}},"line":302},"21":{"name":"formatExecutionMetrics","decl":{"start":{"line":312,"column":9},"end":{"line":312,"column":31}},"loc":{"start":{"line":312,"column":43},"end":{"line":321,"column":1}},"line":312}},"branchMap":{"0":{"loc":{"start":{"line":15,"column":4},"end":{"line":17,"column":5}},"type":"if","locations":[{"start":{"line":15,"column":4},"end":{"line":17,"column":5}},{"start":{},"end":{}}],"line":15},"1":{"loc":{"start":{"line":21,"column":2},"end":{"line":23,"column":3}},"type":"if","locations":[{"start":{"line":21,"column":2},"end":{"line":23,"column":3}},{"start":{},"end":{}}],"line":21},"2":{"loc":{"start":{"line":25,"column":2},"end":{"line":27,"column":3}},"type":"if","locations":[{"start":{"line":25,"column":2},"end":{"line":27,"column":3}},{"start":{},"end":{}}],"line":25},"3":{"loc":{"start":{"line":29,"column":2},"end":{"line":31,"column":3}},"type":"if","locations":[{"start":{"line":29,"column":2},"end":{"line":31,"column":3}},{"start":{},"end":{}}],"line":29},"4":{"loc":{"start":{"line":34,"column":2},"end":{"line":38,"column":3}},"type":"if","locations":[{"start":{"line":34,"column":2},"end":{"line":38,"column":3}},{"start":{},"end":{}}],"line":34},"5":{"loc":{"start":{"line":35,"column":4},"end":{"line":37,"column":5}},"type":"if","locations":[{"start":{"line":35,"column":4},"end":{"line":37,"column":5}},{"start":{},"end":{}}],"line":35},"6":{"loc":{"start":{"line":54,"column":4},"end":{"line":56,"column":5}},"type":"if","locations":[{"start":{"line":54,"column":4},"end":{"line":56,"column":5}},{"start":{},"end":{}}],"line":54},"7":{"loc":{"start":{"line":59,"column":2},"end":{"line":61,"column":3}},"type":"if","locations":[{"start":{"line":59,"column":2},"end":{"line":61,"column":3}},{"start":{},"end":{}}],"line":59},"8":{"loc":{"start":{"line":63,"column":2},"end":{"line":65,"column":3}},"type":"if","locations":[{"start":{"line":63,"column":2},"end":{"line":65,"column":3}},{"start":{},"end":{}}],"line":63},"9":{"loc":{"start":{"line":67,"column":2},"end":{"line":69,"column":3}},"type":"if","locations":[{"start":{"line":67,"column":2},"end":{"line":69,"column":3}},{"start":{},"end":{}}],"line":67},"10":{"loc":{"start":{"line":67,"column":6},"end":{"line":67,"column":74}},"type":"binary-expr","locations":[{"start":{"line":67,"column":6},"end":{"line":67,"column":22}},{"start":{"line":67,"column":26},"end":{"line":67,"column":74}}],"line":67},"11":{"loc":{"start":{"line":83,"column":2},"end":{"line":86,"column":3}},"type":"if","locations":[{"start":{"line":83,"column":2},"end":{"line":86,"column":3}},{"start":{},"end":{}}],"line":83},"12":{"loc":{"start":{"line":88,"column":2},"end":{"line":90,"column":3}},"type":"if","locations":[{"start":{"line":88,"column":2},"end":{"line":90,"column":3}},{"start":{},"end":{}}],"line":88},"13":{"loc":{"start":{"line":93,"column":2},"end":{"line":98,"column":3}},"type":"if","locations":[{"start":{"line":93,"column":2},"end":{"line":98,"column":3}},{"start":{},"end":{}}],"line":93},"14":{"loc":{"start":{"line":95,"column":4},"end":{"line":97,"column":5}},"type":"if","locations":[{"start":{"line":95,"column":4},"end":{"line":97,"column":5}},{"start":{},"end":{}}],"line":95},"15":{"loc":{"start":{"line":112,"column":9},"end":{"line":112,"column":53}},"type":"cond-expr","locations":[{"start":{"line":112,"column":19},"end":{"line":112,"column":48}},{"start":{"line":112,"column":51},"end":{"line":112,"column":53}}],"line":112},"16":{"loc":{"start":{"line":127,"column":10},"end":{"line":127,"column":53}},"type":"binary-expr","locations":[{"start":{"line":127,"column":10},"end":{"line":127,"column":47}},{"start":{"line":127,"column":51},"end":{"line":127,"column":53}}],"line":127},"17":{"loc":{"start":{"line":139,"column":2},"end":{"line":143,"column":3}},"type":"if","locations":[{"start":{"line":139,"column":2},"end":{"line":143,"column":3}},{"start":{"line":141,"column":9},"end":{"line":143,"column":3}}],"line":139},"18":{"loc":{"start":{"line":141,"column":9},"end":{"line":143,"column":3}},"type":"if","locations":[{"start":{"line":141,"column":9},"end":{"line":143,"column":3}},{"start":{},"end":{}}],"line":141},"19":{"loc":{"start":{"line":141,"column":13},"end":{"line":141,"column":44}},"type":"binary-expr","locations":[{"start":{"line":141,"column":13},"end":{"line":141,"column":27}},{"start":{"line":141,"column":31},"end":{"line":141,"column":44}}],"line":141},"20":{"loc":{"start":{"line":145,"column":2},"end":{"line":149,"column":3}},"type":"if","locations":[{"start":{"line":145,"column":2},"end":{"line":149,"column":3}},{"start":{"line":147,"column":9},"end":{"line":149,"column":3}}],"line":145},"21":{"loc":{"start":{"line":147,"column":9},"end":{"line":149,"column":3}},"type":"if","locations":[{"start":{"line":147,"column":9},"end":{"line":149,"column":3}},{"start":{},"end":{}}],"line":147},"22":{"loc":{"start":{"line":147,"column":13},"end":{"line":147,"column":48}},"type":"binary-expr","locations":[{"start":{"line":147,"column":13},"end":{"line":147,"column":29}},{"start":{"line":147,"column":33},"end":{"line":147,"column":48}}],"line":147},"23":{"loc":{"start":{"line":162,"column":30},"end":{"line":162,"column":44}},"type":"default-arg","locations":[{"start":{"line":162,"column":42},"end":{"line":162,"column":44}}],"line":162},"24":{"loc":{"start":{"line":174,"column":27},"end":{"line":174,"column":41}},"type":"default-arg","locations":[{"start":{"line":174,"column":39},"end":{"line":174,"column":41}}],"line":174},"25":{"loc":{"start":{"line":188,"column":45},"end":{"line":188,"column":59}},"type":"default-arg","locations":[{"start":{"line":188,"column":55},"end":{"line":188,"column":59}}],"line":188},"26":{"loc":{"start":{"line":188,"column":61},"end":{"line":188,"column":75}},"type":"default-arg","locations":[{"start":{"line":188,"column":72},"end":{"line":188,"column":75}}],"line":188},"27":{"loc":{"start":{"line":192,"column":4},"end":{"line":194,"column":5}},"type":"if","locations":[{"start":{"line":192,"column":4},"end":{"line":194,"column":5}},{"start":{},"end":{}}],"line":192},"28":{"loc":{"start":{"line":218,"column":36},"end":{"line":218,"column":50}},"type":"default-arg","locations":[{"start":{"line":218,"column":49},"end":{"line":218,"column":50}}],"line":218},"29":{"loc":{"start":{"line":218,"column":52},"end":{"line":218,"column":71}},"type":"default-arg","locations":[{"start":{"line":218,"column":67},"end":{"line":218,"column":71}}],"line":218},"30":{"loc":{"start":{"line":226,"column":6},"end":{"line":230,"column":7}},"type":"if","locations":[{"start":{"line":226,"column":6},"end":{"line":230,"column":7}},{"start":{},"end":{}}],"line":226},"31":{"loc":{"start":{"line":240,"column":35},"end":{"line":240,"column":49}},"type":"default-arg","locations":[{"start":{"line":240,"column":47},"end":{"line":240,"column":49}}],"line":240},"32":{"loc":{"start":{"line":303,"column":2},"end":{"line":305,"column":3}},"type":"if","locations":[{"start":{"line":303,"column":2},"end":{"line":305,"column":3}},{"start":{},"end":{}}],"line":303},"33":{"loc":{"start":{"line":303,"column":6},"end":{"line":303,"column":51}},"type":"binary-expr","locations":[{"start":{"line":303,"column":6},"end":{"line":303,"column":26}},{"start":{"line":303,"column":30},"end":{"line":303,"column":51}}],"line":303}},"s":{"0":0,"1":0,"2":0,"3":0,"4":0,"5":0,"6":0,"7":0,"8":0,"9":0,"10":0,"11":0,"12":0,"13":0,"14":0,"15":0,"16":0,"17":0,"18":0,"19":0,"20":0,"21":0,"22":0,"23":0,"24":0,"25":0,"26":0,"27":0,"28":0,"29":0,"30":0,"31":0,"32":0,"33":0,"34":0,"35":0,"36":0,"37":0,"38":0,"39":0,"40":0,"41":0,"42":0,"43":0,"44":0,"45":0,"46":0,"47":0,"48":0,"49":0,"50":0,"51":0,"52":0,"53":0,"54":0,"55":0,"56":0,"57":0,"58":0,"59":0,"60":0,"61":0,"62":0,"63":0,"64":0,"65":0,"66":0,"67":0,"68":0,"69":0,"70":0,"71":0,"72":0,"73":0,"74":0,"75":0,"76":0,"77":0,"78":0,"79":0,"80":0,"81":0,"82":0,"83":0,"84":0,"85":0,"86":0,"87":0},"f":{"0":0,"1":0,"2":0,"3":0,"4":0,"5":0,"6":0,"7":0,"8":0,"9":0,"10":0,"11":0,"12":0,"13":0,"14":0,"15":0,"16":0,"17":0,"18":0,"19":0,"20":0,"21":0},"b":{"0":[0,0],"1":[0,0],"2":[0,0],"3":[0,0],"4":[0,0],"5":[0,0],"6":[0,0],"7":[0,0],"8":[0,0],"9":[0,0],"10":[0,0],"11":[0,0],"12":[0,0],"13":[0,0],"14":[0,0],"15":[0,0],"16":[0,0],"17":[0,0],"18":[0,0],"19":[0,0],"20":[0,0],"21":[0,0],"22":[0,0],"23":[0],"24":[0],"25":[0],"26":[0],"27":[0,0],"28":[0],"29":[0],"30":[0,0],"31":[0],"32":[0,0],"33":[0,0]}}
}
