TN:
SF:tests/helpers/n8n-client.js
FN:9,(anonymous_0)
FN:31,(anonymous_1)
FN:47,(anonymous_2)
FN:63,(anonymous_3)
FN:88,(anonymous_4)
FN:103,(anonymous_5)
FN:126,(anonymous_6)
FN:141,(anonymous_7)
FN:169,(anonymous_8)
FN:174,(anonymous_9)
FN:183,(anonymous_10)
FN:209,(anonymous_11)
FN:227,(anonymous_12)
FN:237,(anonymous_13)
FN:250,(anonymous_14)
FN:264,(anonymous_15)
FN:272,(anonymous_16)
FN:284,(anonymous_17)
FN:307,(anonymous_18)
FN:328,(anonymous_19)
FN:329,(anonymous_20)
FN:336,(anonymous_21)
FNF:22
FNH:2
FNDA:1,(anonymous_0)
FNDA:0,(anonymous_1)
FNDA:0,(anonymous_2)
FNDA:0,(anonymous_3)
FNDA:1,(anonymous_4)
FNDA:0,(anonymous_5)
FNDA:0,(anonymous_6)
FNDA:0,(anonymous_7)
FNDA:0,(anonymous_8)
FNDA:0,(anonymous_9)
FNDA:0,(anonymous_10)
FNDA:0,(anonymous_11)
FNDA:0,(anonymous_12)
FNDA:0,(anonymous_13)
FNDA:0,(anonymous_14)
FNDA:0,(anonymous_15)
FNDA:0,(anonymous_16)
FNDA:0,(anonymous_17)
FNDA:0,(anonymous_18)
FNDA:0,(anonymous_19)
FNDA:0,(anonymous_20)
FNDA:0,(anonymous_21)
DA:6,1
DA:10,1
DA:11,1
DA:12,1
DA:13,1
DA:15,1
DA:32,0
DA:33,0
DA:36,0
DA:38,0
DA:48,0
DA:49,0
DA:50,0
DA:52,0
DA:64,0
DA:66,0
DA:67,0
DA:69,0
DA:70,0
DA:73,0
DA:74,0
DA:77,0
DA:80,0
DA:89,1
DA:90,1
DA:91,1
DA:93,0
DA:104,0
DA:105,0
DA:110,0
DA:111,0
DA:114,0
DA:115,0
DA:117,0
DA:127,0
DA:128,0
DA:130,0
DA:142,0
DA:143,0
DA:144,0
DA:150,0
DA:151,0
DA:153,0
DA:156,0
DA:157,0
DA:159,0
DA:170,0
DA:173,0
DA:174,0
DA:175,0
DA:176,0
DA:182,0
DA:183,0
DA:184,0
DA:185,0
DA:186,0
DA:188,0
DA:189,0
DA:190,0
DA:191,0
DA:197,0
DA:210,0
DA:211,0
DA:214,0
DA:215,0
DA:216,0
DA:219,0
DA:228,0
DA:229,0
DA:238,0
DA:239,0
DA:241,0
DA:251,0
DA:252,0
DA:254,0
DA:265,0
DA:269,0
DA:270,0
DA:272,0
DA:273,0
DA:276,0
DA:284,0
DA:285,0
DA:286,0
DA:287,0
DA:288,0
DA:290,0
DA:294,0
DA:295,0
DA:298,0
DA:308,0
DA:309,0
DA:311,0
DA:312,0
DA:313,0
DA:314,0
DA:315,0
DA:317,0
DA:321,0
DA:329,0
DA:337,0
DA:338,0
DA:340,0
DA:341,0
DA:342,0
DA:344,0
DA:348,1
LF:107
LH:10
BRDA:9,0,0,1
BRDA:10,1,0,1
BRDA:10,1,1,1
BRDA:10,1,2,0
BRDA:11,2,0,1
BRDA:11,2,1,1
BRDA:12,3,0,1
BRDA:12,3,1,1
BRDA:12,3,2,0
BRDA:13,4,0,1
BRDA:13,4,1,1
BRDA:13,5,0,1
BRDA:13,5,1,0
BRDA:31,6,0,0
BRDA:63,7,0,0
BRDA:63,8,0,0
BRDA:69,9,0,0
BRDA:69,9,1,0
BRDA:73,10,0,0
BRDA:73,10,1,0
BRDA:103,11,0,0
BRDA:103,12,0,0
BRDA:106,13,0,0
BRDA:106,13,1,0
BRDA:110,14,0,0
BRDA:110,14,1,0
BRDA:141,15,0,0
BRDA:141,16,0,0
BRDA:150,17,0,0
BRDA:150,17,1,0
BRDA:173,18,0,0
BRDA:173,18,1,0
BRDA:175,19,0,0
BRDA:175,19,1,0
BRDA:182,20,0,0
BRDA:182,20,1,0
BRDA:184,21,0,0
BRDA:184,21,1,0
BRDA:188,22,0,0
BRDA:188,22,1,0
BRDA:188,23,0,0
BRDA:188,23,1,0
BRDA:190,24,0,0
BRDA:190,24,1,0
BRDA:190,25,0,0
BRDA:190,25,1,0
BRDA:210,26,0,0
BRDA:210,26,1,0
BRDA:210,27,0,0
BRDA:210,27,1,0
BRDA:210,27,2,0
BRDA:215,28,0,0
BRDA:215,28,1,0
BRDA:215,29,0,0
BRDA:215,29,1,0
BRDA:219,30,0,0
BRDA:219,30,1,0
BRDA:264,31,0,0
BRDA:285,32,0,0
BRDA:285,32,1,0
BRDA:285,33,0,0
BRDA:285,33,1,0
BRDA:294,34,0,0
BRDA:294,34,1,0
BRDA:307,35,0,0
BRDA:337,36,0,0
BRDA:337,36,1,0
BRF:67
BRH:10
end_of_record
TN:
SF:tests/helpers/test-utils.js
FN:9,validateWeatherData
FN:14,(anonymous_1)
FN:49,validateCombinedReport
FN:53,(anonymous_3)
FN:80,validateSubjectFormat
FN:109,extractTemperatures
FN:112,(anonymous_6)
FN:118,isValidHTML
FN:120,(anonymous_8)
FN:126,countOccurrences
FN:133,validateCoordinates
FN:162,generateTestLocation
FN:174,generateTestInput
FN:188,waitForCondition
FN:204,sleep
FN:205,(anonymous_15)
FN:211,deepClone
FN:218,retryWithBackoff
FN:240,createMockWeatherResponse
FN:293,assertExecutionSuccessful
FN:302,getExecutionDuration
FN:312,formatExecutionMetrics
FNF:22
FNH:0
FNDA:0,validateWeatherData
FNDA:0,(anonymous_1)
FNDA:0,validateCombinedReport
FNDA:0,(anonymous_3)
FNDA:0,validateSubjectFormat
FNDA:0,extractTemperatures
FNDA:0,(anonymous_6)
FNDA:0,isValidHTML
FNDA:0,(anonymous_8)
FNDA:0,countOccurrences
FNDA:0,validateCoordinates
FNDA:0,generateTestLocation
FNDA:0,generateTestInput
FNDA:0,waitForCondition
FNDA:0,sleep
FNDA:0,(anonymous_15)
FNDA:0,deepClone
FNDA:0,retryWithBackoff
FNDA:0,createMockWeatherResponse
FNDA:0,assertExecutionSuccessful
FNDA:0,getExecutionDuration
FNDA:0,formatExecutionMetrics
DA:10,0
DA:13,0
DA:14,0
DA:15,0
DA:16,0
DA:21,0
DA:22,0
DA:25,0
DA:26,0
DA:29,0
DA:30,0
DA:34,0
DA:35,0
DA:36,0
DA:40,0
DA:50,0
DA:52,0
DA:53,0
DA:54,0
DA:55,0
DA:59,0
DA:60,0
DA:63,0
DA:64,0
DA:67,0
DA:68,0
DA:71,0
DA:81,0
DA:83,0
DA:84,0
DA:85,0
DA:88,0
DA:89,0
DA:93,0
DA:94,0
DA:95,0
DA:96,0
DA:100,0
DA:110,0
DA:111,0
DA:112,0
DA:119,0
DA:120,0
DA:127,0
DA:134,0
DA:136,0
DA:137,0
DA:139,0
DA:140,0
DA:141,0
DA:142,0
DA:145,0
DA:146,0
DA:147,0
DA:148,0
DA:151,0
DA:163,0
DA:175,0
DA:189,0
DA:191,0
DA:192,0
DA:193,0
DA:195,0
DA:198,0
DA:205,0
DA:212,0
DA:221,0
DA:222,0
DA:223,0
DA:225,0
DA:226,0
DA:227,0
DA:228,0
DA:229,0
DA:234,0
DA:241,0
DA:294,0
DA:295,0
DA:296,0
DA:303,0
DA:304,0
DA:306,0
DA:313,0
DA:323,0
LF:84
LH:0
BRDA:15,0,0,0
BRDA:15,0,1,0
BRDA:21,1,0,0
BRDA:21,1,1,0
BRDA:25,2,0,0
BRDA:25,2,1,0
BRDA:29,3,0,0
BRDA:29,3,1,0
BRDA:34,4,0,0
BRDA:34,4,1,0
BRDA:35,5,0,0
BRDA:35,5,1,0
BRDA:54,6,0,0
BRDA:54,6,1,0
BRDA:59,7,0,0
BRDA:59,7,1,0
BRDA:63,8,0,0
BRDA:63,8,1,0
BRDA:67,9,0,0
BRDA:67,9,1,0
BRDA:67,10,0,0
BRDA:67,10,1,0
BRDA:83,11,0,0
BRDA:83,11,1,0
BRDA:88,12,0,0
BRDA:88,12,1,0
BRDA:93,13,0,0
BRDA:93,13,1,0
BRDA:95,14,0,0
BRDA:95,14,1,0
BRDA:112,15,0,0
BRDA:112,15,1,0
BRDA:127,16,0,0
BRDA:127,16,1,0
BRDA:139,17,0,0
BRDA:139,17,1,0
BRDA:141,18,0,0
BRDA:141,18,1,0
BRDA:141,19,0,0
BRDA:141,19,1,0
BRDA:145,20,0,0
BRDA:145,20,1,0
BRDA:147,21,0,0
BRDA:147,21,1,0
BRDA:147,22,0,0
BRDA:147,22,1,0
BRDA:162,23,0,0
BRDA:174,24,0,0
BRDA:188,25,0,0
BRDA:188,26,0,0
BRDA:192,27,0,0
BRDA:192,27,1,0
BRDA:218,28,0,0
BRDA:218,29,0,0
BRDA:226,30,0,0
BRDA:226,30,1,0
BRDA:240,31,0,0
BRDA:303,32,0,0
BRDA:303,32,1,0
BRDA:303,33,0,0
BRDA:303,33,1,0
BRF:61
BRH:0
end_of_record
